(DEBUG) [Synalinks]
Call ID: b2f4f87e-ba9a-4117-bd88-a583af1db24c
Parent call ID: None
Module: Generator
Module Name: generator
Module Description: Use a `LanguageModel` to generate a data model from an arbitrary input data model.
Data Model JSON Schema:
[
  {
    "additionalProperties": false,
    "description": "Input: A question from the user.",
    "properties": {
      "question": {
        "description": "The question to answer",
        "title": "Question",
        "type": "string"
      }
    },
    "required": [
      "question"
    ],
    "title": "Question",
    "type": "object"
  }
]

(DEBUG) [Synalinks]
Call ID: b2f4f87e-ba9a-4117-bd88-a583af1db24c
Parent call ID: None
Module: Generator
Module Name: generator
Module Description: Use a `LanguageModel` to generate a data model from an arbitrary input data model.
Data Model JSON Schema:
[
  {
    "additionalProperties": false,
    "description": "Output: An answer with reasoning.",
    "properties": {
      "thinking": {
        "description": "Your step-by-step reasoning process",
        "title": "Thinking",
        "type": "string"
      },
      "answer": {
        "description": "The final answer based on your reasoning",
        "title": "Answer",
        "type": "string"
      }
    },
    "required": [
      "thinking",
      "answer"
    ],
    "title": "Answer",
    "type": "object"
  }
]

Program: qa_program
description: 'A simple question-answering program'
┏━━━━━━━━━━━━━━━━━━━━━━━━━━━━━┳━━━━━━━━━━━━━━━━━━━━━━━━━━━━━━━━━━┳━━━━━━━━━┓
┃ Module (type)               ┃ Output Schema                    ┃  Vars # ┃
┡━━━━━━━━━━━━━━━━━━━━━━━━━━━━━╇━━━━━━━━━━━━━━━━━━━━━━━━━━━━━━━━━━╇━━━━━━━━━┩
│ input_module (InputModule)  │ Question:                        │       0 │
│                             │   question: str                  │         │
├─────────────────────────────┼──────────────────────────────────┼─────────┤
│ generator (Generator)       │ Answer:                          │       1 │
│                             │   thinking: str                  │         │
│                             │   answer: str                    │         │
└─────────────────────────────┴──────────────────────────────────┴─────────┘
[Synalinks]
Call ID: ddd2f492-9da1-46ff-8b74-334edf732667
Parent call ID: None
Module: Functional
Module Name: qa_program
Module Description: A simple question-answering program
Data Model JSON:
[
  {
    "question": "What is the capital of France?"
  }
]

[Synalinks]
Call ID: 3467e26a-248c-446b-89fc-4217e4ff8546
Parent call ID: ddd2f492-9da1-46ff-8b74-334edf732667
Module: Generator
Module Name: generator
Module Description: Use a `LanguageModel` to generate a data model from an arbitrary input data model.
Data Model JSON:
[
  {
    "question": "What is the capital of France?"
  }
]

[Synalinks]
Call ID: d89e7191-ae4f-48f0-8e3e-b06ae31d2750
Parent call ID: 3467e26a-248c-446b-89fc-4217e4ff8546
Module: LanguageModel
Module Name: language_model
Module Description: A language model API wrapper.
Data Model JSON:
[
  {
    "messages": [
      {
        "role": "system",
        "content": "<instructions>\nYour task is to answer with a JSON containing the following keys: ['thinking', 'answer']\n</instructions>\n"
      },
      {
        "role": "user",
        "content": "<input>\n{'question': 'What is the capital of France?'}\n</input>\n<output>\n"
      }
    ]
  }
]

[Synalinks]
Call ID: d89e7191-ae4f-48f0-8e3e-b06ae31d2750
Parent call ID: 3467e26a-248c-446b-89fc-4217e4ff8546
Module: LanguageModel
Module Name: language_model
Module Description: A language model API wrapper.
Data Model JSON:
[
  {
    "thinking": "The capital of France is Paris.",
    "answer": "Paris"
  }
]

[Synalinks]
Call ID: 3467e26a-248c-446b-89fc-4217e4ff8546
Parent call ID: ddd2f492-9da1-46ff-8b74-334edf732667
Module: Generator
Module Name: generator
Module Description: Use a `LanguageModel` to generate a data model from an arbitrary input data model.
Data Model JSON:
[
  {
    "thinking": "The capital of France is Paris.",
    "answer": "Paris"
  }
]

[Synalinks]
Call ID: ddd2f492-9da1-46ff-8b74-334edf732667
Parent call ID: None
Module: Functional
Module Name: qa_program
Module Description: A simple question-answering program
Data Model JSON:
[
  {
    "thinking": "The capital of France is Paris.",
    "answer": "Paris"
  }
]

Thinking: The capital of France is Paris.
Answer: Paris
